<?xml version="1.0" encoding="UTF-8"?>
<!-- Generated by org.testng.reporters.JUnitReportReporter -->
<testsuite hostname="DESKTOP-NEJUASK" failures="0" tests="1" name="neoStoxTestPackage.TestClass" time="17.385" errors="0" timestamp="2022-12-02T19:23:00 IST" skipped="0">
  <testcase classname="neoStoxTestPackage.TestClass" name="validateUserName" time="17.385"/>
  <system-out>
    <![CDATA[reading value of userName from property file
TCvalidateUserName is completed successfuly]]>
  </system-out>
</testsuite> <!-- neoStoxTestPackage.TestClass -->
