<?xml version="1.0" encoding="UTF-8"?>
<!-- Generated by org.testng.reporters.JUnitReportReporter -->
<testsuite hostname="DESKTOP-NEJUASK" failures="0" tests="1" name="neoStoxTestPackage.TestClassForFunds" time="17.239" errors="0" timestamp="2022-12-02T19:23:35 IST" skipped="0">
  <testcase classname="neoStoxTestPackage.TestClassForFunds" name="ValidateFunds" time="17.239"/>
  <system-out>
    <![CDATA[AC balance is Rs.5,00,000.00]]>
  </system-out>
</testsuite> <!-- neoStoxTestPackage.TestClassForFunds -->
